<?xml version="1.0" encoding="UTF-8"?>
<!-- Generated by org.testng.reporters.JUnitXMLReporter -->
<testsuite hostname="LAPTOP-CHRKM7BS" ignored="0" name="BankingApp Test1" tests="7" failures="3" timestamp="2021-07-14T17:54:33 EDT" time="68.614" errors="0">
  <testcase name="loginTest" time="1.03" classname="com.inetbanking.testCases.TC_LoginTest_001"/>
  <testcase name="loginDDT" time="7.947" classname="com.inetbanking.testCases.TC_LoginDDT_Test_002"/>
  <testcase name="loginDDT" time="3.879" classname="com.inetbanking.testCases.TC_LoginDDT_Test_002">
    <failure type="java.lang.AssertionError" message="expected [true] but found [false]">
      <![CDATA[java.lang.AssertionError: expected [true] but found [false]
at com.inetbanking.testCases.TC_LoginDDT_Test_002.loginDDT(TC_LoginDDT_Test_002.java:30)
at java.util.ArrayList.forEach(ArrayList.java:1257)
... Removed 35 stack frames]]>
    </failure>
  </testcase> <!-- loginDDT -->
  <testcase name="loginDDT" time="3.825" classname="com.inetbanking.testCases.TC_LoginDDT_Test_002">
    <failure type="java.lang.AssertionError" message="expected [true] but found [false]">
      <![CDATA[java.lang.AssertionError: expected [true] but found [false]
at com.inetbanking.testCases.TC_LoginDDT_Test_002.loginDDT(TC_LoginDDT_Test_002.java:30)
at java.util.ArrayList.forEach(ArrayList.java:1257)
... Removed 35 stack frames]]>
    </failure>
  </testcase> <!-- loginDDT -->
  <testcase name="loginDDT" time="7.588" classname="com.inetbanking.testCases.TC_LoginDDT_Test_002"/>
  <testcase name="loginDDT" time="3.912" classname="com.inetbanking.testCases.TC_LoginDDT_Test_002">
    <failure type="java.lang.AssertionError" message="expected [true] but found [false]">
      <![CDATA[java.lang.AssertionError: expected [true] but found [false]
at com.inetbanking.testCases.TC_LoginDDT_Test_002.loginDDT(TC_LoginDDT_Test_002.java:30)
at java.util.ArrayList.forEach(ArrayList.java:1257)
... Removed 35 stack frames]]>
    </failure>
  </testcase> <!-- loginDDT -->
  <testcase name="addNewCustomer" time="12.002" classname="com.inetbanking.testCases.TC_AddCustomerTest_003"/>
</testsuite> <!-- BankingApp Test1 -->
