<?xml version="1.0" encoding="UTF-8"?>
<testsuite xmlns:xsi="http://www.w3.org/2001/XMLSchema-instance" xsi:noNamespaceSchemaLocation="https://maven.apache.org/surefire/maven-surefire-plugin/xsd/surefire-test-report-3.0.xsd" version="3.0" name="TestSuite" time="63.396" tests="7" errors="0" skipped="0" failures="3">
  <properties>
[...]
</properties>
  <testcase name="loginTest" classname="com.inetbanking.testCases.TC_LoginTest_001" time="0.805">
    <system-out><![CDATA[ INFO [main] (TC_LoginTest_001.java:21)- URL is opened
 INFO [main] (TC_LoginTest_001.java:25)- Username is entered
 INFO [main] (TC_LoginTest_001.java:28)- Password is entered
 INFO [main] (TC_LoginTest_001.java:35)- Login is successful.
]]></system-out>
    <system-err><![CDATA[Starting ChromeDriver 90.0.4430.24 (4c6d850f087da467d926e8eddb76550aed655991-refs/branch-heads/4430@{#429}) on port 16465
Only local connections are allowed.
Please see https://chromedriver.chromium.org/security-considerations for suggestions on keeping ChromeDriver safe.
ChromeDriver was started successfully.
[1626277001.161][WARNING]: This version of ChromeDriver has not been tested with Chrome version 91.
Jul 14, 2021 11:36:41 AM org.openqa.selenium.remote.ProtocolHandshake createSession
INFO: Detected dialect: W3C
]]></system-err>
  </testcase>
  <testcase name="loginDDT[mngr47659, 123456@](1)" classname="com.inetbanking.testCases.TC_LoginDDT_Test_002" time="7.597">
    <system-out><![CDATA[ INFO [main] (TC_LoginDDT_Test_002.java:18)- User name is provided
 INFO [main] (TC_LoginDDT_Test_002.java:20)- Password is provided
 INFO [main] (TC_LoginDDT_Test_002.java:36)- Login passed
]]></system-out>
    <system-err><![CDATA[Starting ChromeDriver 90.0.4430.24 (4c6d850f087da467d926e8eddb76550aed655991-refs/branch-heads/4430@{#429}) on port 41485
Only local connections are allowed.
Please see https://chromedriver.chromium.org/security-considerations for suggestions on keeping ChromeDriver safe.
ChromeDriver was started successfully.
[1626277008.203][WARNING]: This version of ChromeDriver has not been tested with Chrome version 91.
Jul 14, 2021 11:36:48 AM org.openqa.selenium.remote.ProtocolHandshake createSession
INFO: Detected dialect: W3C
]]></system-err>
  </testcase>
  <testcase name="loginDDT[mngr47660, 123457@](2)" classname="com.inetbanking.testCases.TC_LoginDDT_Test_002" time="3.902">
    <failure message="expected [true] but found [false]" type="java.lang.AssertionError"><![CDATA[java.lang.AssertionError: expected [true] but found [false]
	at com.inetbanking.testCases.TC_LoginDDT_Test_002.loginDDT(TC_LoginDDT_Test_002.java:30)
]]></failure>
    <system-out><![CDATA[ INFO [main] (TC_LoginDDT_Test_002.java:18)- User name is provided
 INFO [main] (TC_LoginDDT_Test_002.java:20)- Password is provided
]]></system-out>
  </testcase>
  <testcase name="loginDDT[mngr47661, 123458@](3)" classname="com.inetbanking.testCases.TC_LoginDDT_Test_002" time="3.826">
    <failure message="expected [true] but found [false]" type="java.lang.AssertionError"><![CDATA[java.lang.AssertionError: expected [true] but found [false]
	at com.inetbanking.testCases.TC_LoginDDT_Test_002.loginDDT(TC_LoginDDT_Test_002.java:30)
]]></failure>
    <system-out><![CDATA[ INFO [main] (TC_LoginDDT_Test_002.java:18)- User name is provided
 INFO [main] (TC_LoginDDT_Test_002.java:20)- Password is provided
]]></system-out>
  </testcase>
  <testcase name="loginDDT[mngr47659, 123456@](4)" classname="com.inetbanking.testCases.TC_LoginDDT_Test_002" time="7.834">
    <system-out><![CDATA[ INFO [main] (TC_LoginDDT_Test_002.java:18)- User name is provided
 INFO [main] (TC_LoginDDT_Test_002.java:20)- Password is provided
 INFO [main] (TC_LoginDDT_Test_002.java:36)- Login passed
]]></system-out>
  </testcase>
  <testcase name="loginDDT[mngr47663, 123460@](5)" classname="com.inetbanking.testCases.TC_LoginDDT_Test_002" time="3.949">
    <failure message="expected [true] but found [false]" type="java.lang.AssertionError"><![CDATA[java.lang.AssertionError: expected [true] but found [false]
	at com.inetbanking.testCases.TC_LoginDDT_Test_002.loginDDT(TC_LoginDDT_Test_002.java:30)
]]></failure>
    <system-out><![CDATA[ INFO [main] (TC_LoginDDT_Test_002.java:18)- User name is provided
 INFO [main] (TC_LoginDDT_Test_002.java:20)- Password is provided
]]></system-out>
  </testcase>
  <testcase name="addNewCustomer" classname="com.inetbanking.testCases.TC_AddCustomerTest_003" time="11.951">
    <system-out><![CDATA[ INFO [main] (TC_AddCustomerTest_003.java:17)- Provided Username
 INFO [main] (TC_AddCustomerTest_003.java:19)- Provided Password
 INFO [main] (TC_AddCustomerTest_003.java:29)- Providing customer details..
 INFO [main] (TC_AddCustomerTest_003.java:35)- DOB entered.
 INFO [main] (TC_AddCustomerTest_003.java:47)- Validation started...
 INFO [main] (TC_AddCustomerTest_003.java:52)- Test case passed.
]]></system-out>
    <system-err><![CDATA[Starting ChromeDriver 90.0.4430.24 (4c6d850f087da467d926e8eddb76550aed655991-refs/branch-heads/4430@{#429}) on port 26591
Only local connections are allowed.
Please see https://chromedriver.chromium.org/security-considerations for suggestions on keeping ChromeDriver safe.
ChromeDriver was started successfully.
[1626277043.972][WARNING]: This version of ChromeDriver has not been tested with Chrome version 91.
Jul 14, 2021 11:37:24 AM org.openqa.selenium.remote.ProtocolHandshake createSession
INFO: Detected dialect: W3C
]]></system-err>
  </testcase>
</testsuite>